#
# A fatal error has been detected by the Java Runtime Environment:
#
#  SIGSEGV (0xb) at pc=0xb6eefa74, pid=18875, tid=1796209472
#
# JRE version: 7.0_25-b30
# Java VM: OpenJDK Server VM (23.7-b01 mixed mode linux-x86 )
# Problematic frame:
# V  [libjvm.so+0x757a74]  VM_ParallelGCFailedAllocation::doit()+0xa4
#
# Failed to write core dump. Core dumps have been disabled. To enable core dumping, try "ulimit -c unlimited" before starting Java again
#
# If you would like to submit a bug report, please include
# instructions on how to reproduce the bug and visit:
#   https://bugs.launchpad.net/ubuntu/+source/openjdk-7/
#

---------------  T H R E A D  ---------------

Current thread (0x6b1b0400):  VMThread [stack: 0x6b07f000,0x6b100000] [id=18886]

siginfo:si_signo=SIGSEGV: si_errno=0, si_code=1 (SEGV_MAPERR), si_addr=0xa94b1ce8

Registers:
EAX=0x9f130000, EBX=0xb70c3ff4, ECX=0xb75ba560, EDX=0xb64d0119
ESP=0x6b0fed70, EBP=0x00000008, ESI=0xb650d390, EDI=0xa94b1cb4
EIP=0xb6eefa74, EFLAGS=0x00210286, CR2=0xa94b1ce8

Top of Stack: (sp=0x6b0fed70)
0x6b0fed70:   b650d390 00000008 6b0fede0 b6eb73ec
0x6b0fed80:   b6f41c8c b6d86406 b70c3ff4 0000000a
0x6b0fed90:   b70c3ff4 00000000 6e4244d8 b652d900
0x6b0feda0:   b70c3ff4 00000000 b75d4906 b70c3ff4
0x6b0fedb0:   b65fee58 b652d900 b652dcf4 b6ef40cb
0x6b0fedc0:   a94b1cb4 b6f4afa3 00979c86 00000000
0x6b0fedd0:   00000000 b6d862e6 51e973c8 b652d908
0x6b0fede0:   b3010100 b6d862e6 b70c3ff4 b70c3ff4 

Instructions: (pc=0xb6eefa74)
0xb6eefa54:   89 04 24 e8 24 57 ed ff 8b 54 24 1c 89 56 28 8b
0xb6eefa64:   47 30 89 34 24 89 44 24 04 e8 de 63 eb ff 85 c0
0xb6eefa74:   89 47 34 74 67 8b 83 e8 f3 ff ff 80 38 00 74 34
0xb6eefa84:   8b 46 28 89 46 2c 89 04 24 e8 7e be c3 ff 89 44 

Register to memory mapping:

EAX=0x9f130000 is an oop
java.lang.reflect.Method 
 - klass: 'java/lang/reflect/Method'
EBX=0xb70c3ff4: <offset 0x92bff4> in /usr/lib/jvm/java-7-openjdk-i386/jre/lib/i386/server/libjvm.so at 0xb6798000
ECX=0xb75ba560: <offset 0x8e560> in /lib/i386-linux-gnu/libc.so.6 at 0xb752c000
EDX=0xb64d0119 is an unknown value
ESP=0x6b0fed70 is an unknown value
EBP=0x00000008 is an unknown value
ESI=0xb650d390 is an unknown value
EDI=0xa94b1cb4 is an unallocated location in the heap


Stack: [0x6b07f000,0x6b100000],  sp=0x6b0fed70,  free space=511k
Native frames: (J=compiled Java code, j=interpreted, Vv=VM code, C=native code)
V  [libjvm.so+0x757a74]  VM_ParallelGCFailedAllocation::doit()+0xa4

[error occurred during error reporting (printing native stack), id 0xb]

VM_Operation (0xa94b1cb4): 
[error occurred during error reporting (printing VM operation), id 0xb]


---------------  P R O C E S S  ---------------

Java Threads: ( => current thread )
  0x68214c00 JavaThread "Twitter4J Async Dispatcher[0]" daemon [_thread_blocked, id=19020, stack(0xa84b6000,0xa8507000)]
  0x68230800 JavaThread "Twitter Stream consumer-2[Establishing connection]" [_thread_blocked, id=19019, stack(0xa8507000,0xa8558000)]
  0x6822e400 JavaThread "Twitter Stream consumer-1[Establishing connection]" [_thread_blocked, id=19018, stack(0xa8558000,0xa85a9000)]
  0x68231c00 JavaThread "Keep-Alive-Timer" daemon [_thread_blocked, id=19017, stack(0xa85a9000,0xa85fa000)]
  0x6e4d7000 JavaThread "Thread-56" [_thread_blocked, id=19016, stack(0xa8625000,0xa8676000)]
  0x6e4ea800 JavaThread "Thread-55" [_thread_blocked, id=19015, stack(0xa8676000,0xa86c7000)]
  0x6e4eb800 JavaThread "Thread-54" daemon [_thread_blocked, id=19014, stack(0xa86c7000,0xa8718000)]
  0x6e4efc00 JavaThread "Thread-53" daemon [_thread_blocked, id=19013, stack(0xa8718000,0xa8769000)]
  0x6e4e8c00 JavaThread "Thread-52" [_thread_blocked, id=19012, stack(0xa8769000,0xa87ba000)]
  0x6e4dc000 JavaThread "Thread-51" [_thread_blocked, id=19011, stack(0xa87ba000,0xa880b000)]
  0x6e4da400 JavaThread "ConnectThread" [_thread_blocked, id=19010, stack(0xa880b000,0xa885c000)]
  0x6e4d8c00 JavaThread "backgroundTimer" [_thread_blocked, id=19009, stack(0xa885c000,0xa88ad000)]
  0x6e4d5000 JavaThread "Thread-49" [_thread_blocked, id=19008, stack(0xa88ad000,0xa88fe000)]
  0x6e4d3c00 JavaThread "Thread-48" [_thread_blocked, id=19007, stack(0xa88fe000,0xa894f000)]
  0x6e4e7000 JavaThread "ConnectThread" [_thread_blocked, id=19006, stack(0xa894f000,0xa89a0000)]
  0x6e4fc000 JavaThread "backgroundTimer" [_thread_blocked, id=19005, stack(0xa89a0000,0xa89f1000)]
  0x6e4e4c00 JavaThread "Thread-46" [_thread_blocked, id=19004, stack(0xa89f1000,0xa8a42000)]
  0x6e4ae400 JavaThread "Thread-45" [_thread_blocked, id=19003, stack(0xa8a42000,0xa8a93000)]
  0x6e4e3000 JavaThread "Thread-44" [_thread_blocked, id=19002, stack(0xa8a93000,0xa8ae4000)]
  0x6e4b0c00 JavaThread "Thread-43" [_thread_blocked, id=19001, stack(0xa8ae4000,0xa8b35000)]
  0x6e4af800 JavaThread "Thread-42" [_thread_blocked, id=19000, stack(0xa8b35000,0xa8b86000)]
  0x6e4e0800 JavaThread "Thread-41" [_thread_blocked, id=18999, stack(0xa8b86000,0xa8bd7000)]
  0x6e4dec00 JavaThread "ConnectThread" [_thread_blocked, id=18998, stack(0xa8bd7000,0xa8c28000)]
  0x6e4ce800 JavaThread "ConnectThread" [_thread_blocked, id=18997, stack(0xa8c28000,0xa8c79000)]
  0x6e4cd000 JavaThread "Thread-40" [_thread_blocked, id=18996, stack(0xa8c79000,0xa8cca000)]
  0x6e4c8400 JavaThread "ConnectThread" [_thread_blocked, id=18995, stack(0xa8cca000,0xa8d1b000)]
  0x6e4c7400 JavaThread "Thread-39" [_thread_blocked, id=18994, stack(0xa8d1b000,0xa8d6c000)]
  0x6e4c5c00 JavaThread "backgroundTimer" [_thread_blocked, id=18993, stack(0xa8d6c000,0xa8dbd000)]
  0x6e4bc800 JavaThread "backgroundTimer" [_thread_blocked, id=18992, stack(0xa8dbd000,0xa8e0e000)]
  0x6e4b6800 JavaThread "backgroundTimer" [_thread_blocked, id=18991, stack(0xa8e0e000,0xa8e5f000)]
  0x6e4aa400 JavaThread "Thread-34" [_thread_blocked, id=18990, stack(0xa8e5f000,0xa8eb0000)]
  0x6e4c5000 JavaThread "Thread-35" [_thread_blocked, id=18989, stack(0xa8eb0000,0xa8f01000)]
  0x6e4ac400 JavaThread "Thread-33" [_thread_blocked, id=18988, stack(0xa8f01000,0xa8f52000)]
  0x6e4ab400 JavaThread "Thread-32" [_thread_blocked, id=18987, stack(0xa8f52000,0xa8fa3000)]
  0x6e4a6c00 JavaThread "Thread-31" [_thread_blocked, id=18986, stack(0xa8fa3000,0xa8ff4000)]
  0x6e4a8400 JavaThread "Thread-30" [_thread_blocked, id=18985, stack(0xa8ff4000,0xa9045000)]
  0x6e49cc00 JavaThread "Thread-29" [_thread_blocked, id=18984, stack(0xa9045000,0xa9096000)]
  0x6e49b800 JavaThread "Thread-28" [_thread_blocked, id=18983, stack(0xa9096000,0xa90e7000)]
  0x6e49a400 JavaThread "Thread-27" [_thread_blocked, id=18982, stack(0xa90e7000,0xa9138000)]
  0x6e48b000 JavaThread "Thread-26" [_thread_blocked, id=18981, stack(0xa9138000,0xa9189000)]
  0x6e48d800 JavaThread "Thread-25" [_thread_blocked, id=18980, stack(0xa9189000,0xa91da000)]
  0x6e48c000 JavaThread "Thread-24" [_thread_blocked, id=18979, stack(0xa91da000,0xa922b000)]
  0x6e487c00 JavaThread "Thread-23" [_thread_blocked, id=18978, stack(0xa922b000,0xa927c000)]
  0x6e476000 JavaThread "Thread-22" [_thread_blocked, id=18977, stack(0xa927c000,0xa92cd000)]
  0x6e474400 JavaThread "Thread-21" [_thread_blocked, id=18976, stack(0xa92cd000,0xa931e000)]
  0x6e473800 JavaThread "Thread-20" [_thread_blocked, id=18975, stack(0xa931e000,0xa936f000)]
  0x6e43d800 JavaThread "Thread-19" daemon [_thread_blocked, id=18974, stack(0xa936f000,0xa93c0000)]
  0x6e43bc00 JavaThread "Thread-18" daemon [_thread_blocked, id=18973, stack(0xa93c0000,0xa9411000)]
  0x6e43a400 JavaThread "Thread-17" daemon [_thread_blocked, id=18972, stack(0xa9411000,0xa9462000)]
  0x6e438c00 JavaThread "Thread-16" daemon [_thread_blocked, id=18971, stack(0xa9462000,0xa94b3000)]
  0x6e437000 JavaThread "Thread-14" daemon [_thread_blocked, id=18970, stack(0xa94b3000,0xa9504000)]
  0x6e435c00 JavaThread "Thread-15" daemon [_thread_blocked, id=18969, stack(0xa9504000,0xa9555000)]
  0x6e434c00 JavaThread "Thread-13" daemon [_thread_blocked, id=18968, stack(0xa9555000,0xa95a6000)]
  0x6e434000 JavaThread "Thread-12" daemon [_thread_blocked, id=18967, stack(0xa95a6000,0xa95f7000)]
  0x6e467400 JavaThread "Thread-11" daemon [_thread_blocked, id=18966, stack(0x68b5b000,0x68bac000)]
  0x6e467000 JavaThread "Thread-10" daemon [_thread_blocked, id=18965, stack(0xa978c000,0xa97dd000)]
  0x6e463800 JavaThread "CuratorFramework-13" [_thread_blocked, id=18964, stack(0xa95f7000,0xa9648000)]
  0x6e446000 JavaThread "ConnectionStateManager-0" [_thread_blocked, id=18963, stack(0xa987f000,0xa98d0000)]
  0x6e442800 JavaThread "Thread-9-EventThread" daemon [_thread_blocked, id=18962, stack(0xa973b000,0xa978c000)]
  0x6e430400 JavaThread "Thread-9-SendThread(localhost:2000)" daemon [_thread_in_native, id=18961, stack(0xa9699000,0xa96ea000)]
  0x6e455400 JavaThread "CuratorFramework-12" [_thread_blocked, id=18960, stack(0xa9648000,0xa9699000)]
  0x6e454c00 JavaThread "ConnectionStateManager-0" [_thread_blocked, id=18959, stack(0xa982e000,0xa987f000)]
  0x6e432c00 JavaThread "Thread-6-EventThread" daemon [_thread_blocked, id=18958, stack(0xa97dd000,0xa982e000)]
  0x6e444400 JavaThread "Thread-6-SendThread(localhost:2000)" daemon [_thread_in_native, id=18957, stack(0xa96ea000,0xa973b000)]
  0x69a9ac00 JavaThread "Thread-9" [_thread_blocked, id=18948, stack(0x689c6000,0x68a17000)]
  0x69afa000 JavaThread "Thread-8" [_thread_blocked, id=18947, stack(0x68d92000,0x68de3000)]
  0x69aefc00 JavaThread "CuratorFramework-9" [_thread_blocked, id=18946, stack(0x68b0a000,0x68b5b000)]
  0x69a99800 JavaThread "ConnectionStateManager-0" [_thread_blocked, id=18945, stack(0x68a17000,0x68a68000)]
  0x69a8b000 JavaThread "main-EventThread" daemon [_thread_blocked, id=18944, stack(0x68ab9000,0x68b0a000)]
  0x69a89c00 JavaThread "main-SendThread(localhost:2000)" daemon [_thread_in_native, id=18943, stack(0x68a68000,0x68ab9000)]
  0x69aed000 JavaThread "Thread-7" daemon [_thread_blocked, id=18938, stack(0x68bac000,0x68bfd000)]
  0x69aebc00 JavaThread "Thread-6" [_thread_blocked, id=18937, stack(0x68bfd000,0x68c4e000)]
  0x69aea400 JavaThread "Thread-5" [_thread_blocked, id=18936, stack(0x68c4e000,0x68c9f000)]
  0x69af4c00 JavaThread "CuratorFramework-7" [_thread_blocked, id=18935, stack(0x68f27000,0x68f78000)]
  0x69af8c00 JavaThread "ConnectionStateManager-0" [_thread_blocked, id=18934, stack(0x68cf0000,0x68d41000)]
  0x69af5c00 JavaThread "main-EventThread" daemon [_thread_blocked, id=18933, stack(0x68d41000,0x68d92000)]
  0x6981a400 JavaThread "main-SendThread(localhost:2000)" daemon [_thread_in_native, id=18932, stack(0x68c9f000,0x68cf0000)]
  0x69af9c00 JavaThread "Thread-4" daemon [_thread_blocked, id=18927, stack(0x6906b000,0x690bc000)]
  0x6981ec00 JavaThread "CuratorFramework-5" [_thread_blocked, id=18926, stack(0x68de3000,0x68e34000)]
  0x6981ac00 JavaThread "ConnectionStateManager-0" [_thread_blocked, id=18925, stack(0x68e85000,0x68ed6000)]
  0x6981bc00 JavaThread "main-EventThread" daemon [_thread_blocked, id=18924, stack(0x68ed6000,0x68f27000)]
  0x6981d400 JavaThread "main-SendThread(localhost:2000)" daemon [_thread_in_native, id=18923, stack(0x68e34000,0x68e85000)]
  0x69ba1000 JavaThread "CuratorFramework-3" [_thread_blocked, id=18918, stack(0x6930d000,0x6935e000)]
  0x69ba2400 JavaThread "ConnectionStateManager-0" [_thread_blocked, id=18917, stack(0x68f78000,0x68fc9000)]
  0x69ba0400 JavaThread "main-EventThread" daemon [_thread_blocked, id=18916, stack(0x68fc9000,0x6901a000)]
  0x69b53800 JavaThread "main-SendThread(localhost:2000)" daemon [_thread_in_native, id=18915, stack(0x6901a000,0x6906b000)]
  0x69b85400 JavaThread "CuratorFramework-1" [_thread_blocked, id=18909, stack(0x690bc000,0x6910d000)]
  0x69b54c00 JavaThread "ConnectionStateManager-0" [_thread_blocked, id=18908, stack(0x6915e000,0x691af000)]
  0x69b41000 JavaThread "main-EventThread" daemon [_thread_blocked, id=18907, stack(0x691af000,0x69200000)]
  0x69b3fc00 JavaThread "main-SendThread(localhost:2000)" daemon [_thread_in_native, id=18906, stack(0x6910d000,0x6915e000)]
  0x69b14800 JavaThread "Thread-3" daemon [_thread_blocked, id=18901, stack(0x6935e000,0x693af000)]
  0x69b13800 JavaThread "Thread-2" daemon [_thread_blocked, id=18900, stack(0x693af000,0x69400000)]
  0x69b11400 JavaThread "Thread-1" daemon [_thread_blocked, id=18899, stack(0x6950d000,0x6955e000)]
  0x69c3c800 JavaThread "ProcessThread:-1" [_thread_blocked, id=18898, stack(0x6955e000,0x695af000)]
  0x69c37400 JavaThread "SyncThread:0" [_thread_blocked, id=18897, stack(0x695af000,0x69600000)]
  0x69c53400 JavaThread "SessionTracker" [_thread_blocked, id=18896, stack(0x6a11c000,0x6a16d000)]
  0x69c5ac00 JavaThread "NIOServerCxn.Factory:0.0.0.0/0.0.0.0:2000" daemon [_thread_in_native, id=18895, stack(0x6a16d000,0x6a1be000)]
  0x6ae04800 JavaThread "Service Thread" daemon [_thread_blocked, id=18892, stack(0x6a9ad000,0x6a9fe000)]
  0x6ae02c00 JavaThread "C2 CompilerThread1" daemon [_thread_blocked, id=18891, stack(0x6a9fe000,0x6aa7f000)]
  0x6ae00c00 JavaThread "C2 CompilerThread0" daemon [_thread_blocked, id=18890, stack(0x6aa7f000,0x6ab00000)]
  0x6b1fd000 JavaThread "Signal Dispatcher" daemon [_thread_blocked, id=18889, stack(0x6e22e000,0x6e27f000)]
  0x6b1b8800 JavaThread "Finalizer" daemon [_thread_blocked, id=18888, stack(0x6e52e000,0x6e57f000)]
  0x6b1b6c00 JavaThread "Reference Handler" daemon [_thread_blocked, id=18887, stack(0x6b02e000,0x6b07f000)]
  0xb6509000 JavaThread "main" [_thread_blocked, id=18881, stack(0xb6618000,0xb6669000)]

Other Threads:
=>0x6b1b0400 VMThread [stack: 0x6b07f000,0x6b100000] [id=18886]
  0x6ae06800 WatcherThread [stack: 0x6a92c000,0x6a9ad000] [id=18893]

VM state:at safepoint (normal execution)

VM Mutex/Monitor currently owned by a thread:  ([mutex/lock_event])
[0xb6506aa0] Threads_lock - owner thread: 0x6b1b0400
[0xb6506eb0] Heap_lock - owner thread: 0x6e438c00

Heap
 PSYoungGen      total 104640K, used 3707K [0x9f130000, 0xa5f90000, 0xb33d0000)
  eden space 97408K, 0% used [0x9f130000,0x9f130020,0xa5050000)
  from space 7232K, 51% used [0xa57c0000,0xa5b5ef90,0xa5ed0000)
  to   space 7616K, 0% used [0xa5050000,0xa5050000,0xa57c0000)
 ParOldGen       total 41344K, used 14907K [0x76bd0000, 0x79430000, 0x9f130000)
  object space 41344K, 36% used [0x76bd0000,0x77a5ecd8,0x79430000)
 PSPermGen       total 18688K, used 18673K [0x6ebd0000, 0x6fe10000, 0x76bd0000)
  object space 18688K, 99% used [0x6ebd0000,0x6fe0c738,0x6fe10000)

Card table byte_map: [0x6e9ab000,0x6ebd0000] byte_map_base: 0x6e635180

Polling page: 0xb76d8000

Code Cache  [0xb3495000, 0xb36d5000, 0xb6495000)
 total_blobs=618 nmethods=450 adapters=119 free_code_cache=47927Kb largest_free_block=49054464

Compilation events (10 events):
Event: 9,423 Thread 0x6ae00c00  492             clojure.core$key::invoke (12 bytes)
Event: 9,424 Thread 0x6ae00c00 nmethod 492 0xb35c3d48 code [0xb35c3e40, 0xb35c3eb0]
Event: 9,763 Thread 0x6ae02c00  494             java.util.Properties$LineReader::readLine (452 bytes)
Event: 9,774 Thread 0x6ae02c00 nmethod 494 0xb35a57c8 code [0xb35a5920, 0xb35a6064]
Event: 9,819 Thread 0x6ae00c00  496             java.nio.Buffer::position (5 bytes)
Event: 9,820 Thread 0x6ae00c00 nmethod 496 0xb35c5e48 code [0xb35c5f20, 0xb35c5f70]
Event: 9,930 Thread 0x6ae00c00  497             sun.nio.cs.UTF_8$Decoder::decode (640 bytes)
Event: 9,931 Thread 0x6ae02c00  498             java.io.ObjectInputStream$BlockDataInputStream::peek (55 bytes)
Event: 9,934 Thread 0x6ae02c00 nmethod 498 0xb35cad48 code [0xb35cae80, 0xb35cb15c]
Event: 9,934 Thread 0x6ae02c00  499             java.io.ObjectInputStream$BlockDataInputStream::peekByte (20 bytes)

GC Heap History (10 events):
Event: 8,462 GC heap before
{Heap before GC invocations=8 (full 0):
 PSYoungGen      total 67712K, used 66492K [0x9f130000, 0xa3a90000, 0xb33d0000)
  eden space 61120K, 100% used [0x9f130000,0xa2ce0000,0xa2ce0000)
  from space 6592K, 81% used [0xa2ce0000,0xa321f040,0xa3350000)
  to   space 5760K, 0% used [0xa3350000,0xa3350000,0xa38f0000)
 ParOldGen       total 41344K, used 11301K [0x76bd0000, 0x79430000, 0x9f130000)
  object space 41344K, 27% used [0x76bd0000,0x776d95c8,0x79430000)
 PSPermGen       total 16896K, used 16814K [0x6ebd0000, 0x6fc50000, 0x76bd0000)
  object space 16896K, 99% used [0x6ebd0000,0x6fc3b960,0x6fc50000)
Event: 8,476 GC heap after
Heap after GC invocations=8 (full 0):
 PSYoungGen      total 66880K, used 2940K [0x9f130000, 0xa3a90000, 0xb33d0000)
  eden space 61120K, 0% used [0x9f130000,0x9f130000,0xa2ce0000)
  from space 5760K, 51% used [0xa3350000,0xa362f030,0xa38f0000)
  to   space 6592K, 0% used [0xa2ce0000,0xa2ce0000,0xa3350000)
 ParOldGen       total 41344K, used 12019K [0x76bd0000, 0x79430000, 0x9f130000)
  object space 41344K, 29% used [0x76bd0000,0x7778cc60,0x79430000)
 PSPermGen       total 16896K, used 16814K [0x6ebd0000, 0x6fc50000, 0x76bd0000)
  object space 16896K, 99% used [0x6ebd0000,0x6fc3b960,0x6fc50000)
}
Event: 8,570 GC heap before
{Heap before GC invocations=9 (full 0):
 PSYoungGen      total 66880K, used 64060K [0x9f130000, 0xa3a90000, 0xb33d0000)
  eden space 61120K, 100% used [0x9f130000,0xa2ce0000,0xa2ce0000)
  from space 5760K, 51% used [0xa3350000,0xa362f030,0xa38f0000)
  to   space 6592K, 0% used [0xa2ce0000,0xa2ce0000,0xa3350000)
 ParOldGen       total 41344K, used 12019K [0x76bd0000, 0x79430000, 0x9f130000)
  object space 41344K, 29% used [0x76bd0000,0x7778cc60,0x79430000)
 PSPermGen       total 16896K, used 16834K [0x6ebd0000, 0x6fc50000, 0x76bd0000)
  object space 16896K, 99% used [0x6ebd0000,0x6fc40888,0x6fc50000)
Event: 8,577 GC heap after
Heap after GC invocations=9 (full 0):
 PSYoungGen      total 67712K, used 1096K [0x9f130000, 0xa5ed0000, 0xb33d0000)
  eden space 61120K, 0% used [0x9f130000,0x9f130000,0xa2ce0000)
  from space 6592K, 16% used [0xa2ce0000,0xa2df2020,0xa3350000)
  to   space 7232K, 0% used [0xa57c0000,0xa57c0000,0xa5ed0000)
 ParOldGen       total 41344K, used 13858K [0x76bd0000, 0x79430000, 0x9f130000)
  object space 41344K, 33% used [0x76bd0000,0x77958a88,0x79430000)
 PSPermGen       total 16896K, used 16834K [0x6ebd0000, 0x6fc50000, 0x76bd0000)
  object space 16896K, 99% used [0x6ebd0000,0x6fc40888,0x6fc50000)
}
Event: 8,638 GC heap before
{Heap before GC invocations=10 (full 0):
 PSYoungGen      total 67712K, used 62216K [0x9f130000, 0xa5ed0000, 0xb33d0000)
  eden space 61120K, 100% used [0x9f130000,0xa2ce0000,0xa2ce0000)
  from space 6592K, 16% used [0xa2ce0000,0xa2df2020,0xa3350000)
  to   space 7232K, 0% used [0xa57c0000,0xa57c0000,0xa5ed0000)
 ParOldGen       total 41344K, used 13858K [0x76bd0000, 0x79430000, 0x9f130000)
  object space 41344K, 33% used [0x76bd0000,0x77958a88,0x79430000)
 PSPermGen       total 16896K, used 16834K [0x6ebd0000, 0x6fc50000, 0x76bd0000)
  object space 16896K, 99% used [0x6ebd0000,0x6fc408c8,0x6fc50000)
Event: 8,640 GC heap after
Heap after GC invocations=10 (full 0):
 PSYoungGen      total 104640K, used 80K [0x9f130000, 0xa5f90000, 0xb33d0000)
  eden space 97408K, 0% used [0x9f130000,0x9f130000,0xa5050000)
  from space 7232K, 1% used [0xa57c0000,0xa57d4000,0xa5ed0000)
  to   space 7616K, 0% used [0xa5050000,0xa5050000,0xa57c0000)
 ParOldGen       total 41344K, used 14879K [0x76bd0000, 0x79430000, 0x9f130000)
  object space 41344K, 35% used [0x76bd0000,0x77a57cd8,0x79430000)
 PSPermGen       total 16896K, used 16834K [0x6ebd0000, 0x6fc50000, 0x76bd0000)
  object space 16896K, 99% used [0x6ebd0000,0x6fc408c8,0x6fc50000)
}
Event: 8,716 GC heap before
{Heap before GC invocations=11 (full 0):
 PSYoungGen      total 104640K, used 97488K [0x9f130000, 0xa5f90000, 0xb33d0000)
  eden space 97408K, 100% used [0x9f130000,0xa5050000,0xa5050000)
  from space 7232K, 1% used [0xa57c0000,0xa57d4000,0xa5ed0000)
  to   space 7616K, 0% used [0xa5050000,0xa5050000,0xa57c0000)
 ParOldGen       total 41344K, used 14879K [0x76bd0000, 0x79430000, 0x9f130000)
  object space 41344K, 35% used [0x76bd0000,0x77a57cd8,0x79430000)
 PSPermGen       total 16896K, used 16834K [0x6ebd0000, 0x6fc50000, 0x76bd0000)
  object space 16896K, 99% used [0x6ebd0000,0x6fc408c8,0x6fc50000)
Event: 8,718 GC heap after
Heap after GC invocations=11 (full 0):
 PSYoungGen      total 105024K, used 64K [0x9f130000, 0xa5f90000, 0xb33d0000)
  eden space 97408K, 0% used [0x9f130000,0x9f130000,0xa5050000)
  from space 7616K, 0% used [0xa5050000,0xa5060000,0xa57c0000)
  to   space 7232K, 0% used [0xa57c0000,0xa57c0000,0xa5ed0000)
 ParOldGen       total 41344K, used 14903K [0x76bd0000, 0x79430000, 0x9f130000)
  object space 41344K, 36% used [0x76bd0000,0x77a5dcd8,0x79430000)
 PSPermGen       total 16896K, used 16834K [0x6ebd0000, 0x6fc50000, 0x76bd0000)
  object space 16896K, 99% used [0x6ebd0000,0x6fc408c8,0x6fc50000)
}
Event: 9,936 GC heap before
{Heap before GC invocations=12 (full 0):
 PSYoungGen      total 105024K, used 97472K [0x9f130000, 0xa5f90000, 0xb33d0000)
  eden space 97408K, 100% used [0x9f130000,0xa5050000,0xa5050000)
  from space 7616K, 0% used [0xa5050000,0xa5060000,0xa57c0000)
  to   space 7232K, 0% used [0xa57c0000,0xa57c0000,0xa5ed0000)
 ParOldGen       total 41344K, used 14903K [0x76bd0000, 0x79430000, 0x9f130000)
  object space 41344K, 36% used [0x76bd0000,0x77a5dcd8,0x79430000)
 PSPermGen       total 18688K, used 18673K [0x6ebd0000, 0x6fe10000, 0x76bd0000)
  object space 18688K, 99% used [0x6ebd0000,0x6fe0c738,0x6fe10000)
Event: 9,948 GC heap after
Heap after GC invocations=12 (full 0):
 PSYoungGen      total 104640K, used 3707K [0x9f130000, 0xa5f90000, 0xb33d0000)
  eden space 97408K, 0% used [0x9f130000,0x9f130000,0xa5050000)
  from space 7232K, 51% used [0xa57c0000,0xa5b5ef90,0xa5ed0000)
  to   space 7616K, 0% used [0xa5050000,0xa5050000,0xa57c0000)
 ParOldGen       total 41344K, used 14907K [0x76bd0000, 0x79430000, 0x9f130000)
  object space 41344K, 36% used [0x76bd0000,0x77a5ecd8,0x79430000)
 PSPermGen       total 18688K, used 18673K [0x6ebd0000, 0x6fe10000, 0x76bd0000)
  object space 18688K, 99% used [0x6ebd0000,0x6fe0c738,0x6fe10000)
}

Deoptimization events (10 events):
Event: 9,309 Thread 0x6e476000 Uncommon trap -58 fr.pc 0xb351e918
Event: 9,323 Thread 0x6e48d800 Uncommon trap -83 fr.pc 0xb35564e8
Event: 9,346 Thread 0x6e4b0c00 Uncommon trap -83 fr.pc 0xb34fbc1c
Event: 9,516 Thread 0x6e4c5000 Uncommon trap -10 fr.pc 0xb350a548
Event: 9,516 Thread 0x6e4aa400 Uncommon trap -10 fr.pc 0xb350a548
Event: 9,517 Thread 0x6e4aa400 Uncommon trap -10 fr.pc 0xb350a548
Event: 9,517 Thread 0x6e4c5000 Uncommon trap -10 fr.pc 0xb350a548
Event: 9,762 Thread 0x6e4aa400 Uncommon trap -10 fr.pc 0xb350a548
Event: 9,836 Thread 0x6e4aa400 Uncommon trap -83 fr.pc 0xb3532120
Event: 9,848 Thread 0x6822e400 Uncommon trap -83 fr.pc 0xb35133ac

Internal exceptions (10 events):
Event: 9,852 Thread 0x6e4e7000 Threw 0xa4637aa0 at /build/buildd/openjdk-7-7u25-2.3.10/build/openjdk/hotspot/src/share/vm/prims/jvm.cpp:1235
Event: 9,863 Thread 0x6e4e7000 Threw 0xa4641180 at /build/buildd/openjdk-7-7u25-2.3.10/build/openjdk/hotspot/src/share/vm/prims/jvm.cpp:1235
Event: 9,863 Thread 0x6e4e7000 Threw 0xa4648a98 at /build/buildd/openjdk-7-7u25-2.3.10/build/openjdk/hotspot/src/share/vm/prims/jvm.cpp:1235
Event: 9,864 Thread 0x6e4e7000 Threw 0xa464fb78 at /build/buildd/openjdk-7-7u25-2.3.10/build/openjdk/hotspot/src/share/vm/prims/jvm.cpp:1235
Event: 9,864 Thread 0x6e4e7000 Threw 0xa4657ec8 at /build/buildd/openjdk-7-7u25-2.3.10/build/openjdk/hotspot/src/share/vm/prims/jvm.cpp:1235
Event: 9,864 Thread 0x6e4e7000 Threw 0xa465f830 at /build/buildd/openjdk-7-7u25-2.3.10/build/openjdk/hotspot/src/share/vm/prims/jvm.cpp:1235
Event: 9,864 Thread 0x6e4e7000 Threw 0xa4dc3cf8 at /build/buildd/openjdk-7-7u25-2.3.10/build/openjdk/hotspot/src/share/vm/prims/jvm.cpp:1235
Event: 9,912 Thread 0x6e4e7000 Threw 0xa4dcbd28 at /build/buildd/openjdk-7-7u25-2.3.10/build/openjdk/hotspot/src/share/vm/prims/jvm.cpp:1235
Event: 9,934 Thread 0x6e434000 Threw 0xa4ee6b48 at /build/buildd/openjdk-7-7u25-2.3.10/build/openjdk/hotspot/src/share/vm/prims/jvm.cpp:1235
Event: 9,935 Thread 0x6e435c00 Threw 0xa4fa9620 at /build/buildd/openjdk-7-7u25-2.3.10/build/openjdk/hotspot/src/share/vm/prims/jvm.cpp:1235

Events (10 events):
Event: 9,925 loading class 0x6823c2e0
Event: 9,925 loading class 0x6823c3d0
Event: 9,925 loading class 0x6823ce80
Event: 9,934 loading class 0x6e43f1f8
Event: 9,934 loading class 0x6e43f1f8 done
Event: 9,935 loading class 0x69c03080
Event: 9,935 loading class 0x69c03080 done
Event: 9,936 Executing VM operation: RevokeBias
Event: 9,936 Executing VM operation: RevokeBias done
Event: 9,936 Executing VM operation: ParallelGCFailedAllocation


Dynamic libraries:
08048000-08049000 r-xp 00000000 08:07 1188454    /usr/lib/jvm/java-7-openjdk-i386/jre/bin/java
08049000-0804a000 r--p 00000000 08:07 1188454    /usr/lib/jvm/java-7-openjdk-i386/jre/bin/java
0804a000-0804b000 rw-p 00001000 08:07 1188454    /usr/lib/jvm/java-7-openjdk-i386/jre/bin/java
09db3000-09dd4000 rw-p 00000000 00:00 0          [heap]
68100000-681cf000 rw-p 00000000 00:00 0 
681cf000-68200000 ---p 00000000 00:00 0 
68200000-68249000 rw-p 00000000 00:00 0 
68249000-68300000 ---p 00000000 00:00 0 
68300000-683f9000 rw-p 00000000 00:00 0 
683f9000-68400000 ---p 00000000 00:00 0 
68400000-684e8000 rw-p 00000000 00:00 0 
684e8000-68500000 ---p 00000000 00:00 0 
68600000-686f2000 rw-p 00000000 00:00 0 
686f2000-68700000 ---p 00000000 00:00 0 
68700000-68800000 rw-p 00000000 00:00 0 
68800000-688e8000 rw-p 00000000 00:00 0 
688e8000-68900000 ---p 00000000 00:00 0 
689c6000-689c9000 ---p 00000000 00:00 0 
689c9000-68a17000 rw-p 00000000 00:00 0 
68a17000-68a1a000 ---p 00000000 00:00 0 
68a1a000-68a68000 rw-p 00000000 00:00 0 
68a68000-68a6b000 ---p 00000000 00:00 0 
68a6b000-68ab9000 rw-p 00000000 00:00 0 
68ab9000-68abc000 ---p 00000000 00:00 0 
68abc000-68b0a000 rw-p 00000000 00:00 0 
68b0a000-68b0d000 ---p 00000000 00:00 0 
68b0d000-68b5b000 rw-p 00000000 00:00 0 
68b5b000-68b5e000 ---p 00000000 00:00 0 
68b5e000-68bac000 rw-p 00000000 00:00 0 
68bac000-68baf000 ---p 00000000 00:00 0 
68baf000-68bfd000 rw-p 00000000 00:00 0 
68bfd000-68c00000 ---p 00000000 00:00 0 
68c00000-68c4e000 rw-p 00000000 00:00 0 
68c4e000-68c51000 ---p 00000000 00:00 0 
68c51000-68c9f000 rw-p 00000000 00:00 0 
68c9f000-68ca2000 ---p 00000000 00:00 0 
68ca2000-68cf0000 rw-p 00000000 00:00 0 
68cf0000-68cf3000 ---p 00000000 00:00 0 
68cf3000-68d41000 rw-p 00000000 00:00 0 
68d41000-68d44000 ---p 00000000 00:00 0 
68d44000-68d92000 rw-p 00000000 00:00 0 
68d92000-68d95000 ---p 00000000 00:00 0 
68d95000-68de3000 rw-p 00000000 00:00 0 
68de3000-68de6000 ---p 00000000 00:00 0 
68de6000-68e34000 rw-p 00000000 00:00 0 
68e34000-68e37000 ---p 00000000 00:00 0 
68e37000-68e85000 rw-p 00000000 00:00 0 
68e85000-68e88000 ---p 00000000 00:00 0 
68e88000-68ed6000 rw-p 00000000 00:00 0 
68ed6000-68ed9000 ---p 00000000 00:00 0 
68ed9000-68f27000 rw-p 00000000 00:00 0 
68f27000-68f2a000 ---p 00000000 00:00 0 
68f2a000-68f78000 rw-p 00000000 00:00 0 
68f78000-68f7b000 ---p 00000000 00:00 0 
68f7b000-68fc9000 rw-p 00000000 00:00 0 
68fc9000-68fcc000 ---p 00000000 00:00 0 
68fcc000-6901a000 rw-p 00000000 00:00 0 
6901a000-6901d000 ---p 00000000 00:00 0 
6901d000-6906b000 rw-p 00000000 00:00 0 
6906b000-6906e000 ---p 00000000 00:00 0 
6906e000-690bc000 rw-p 00000000 00:00 0 
690bc000-690bf000 ---p 00000000 00:00 0 
690bf000-6910d000 rw-p 00000000 00:00 0 
6910d000-69110000 ---p 00000000 00:00 0 
69110000-6915e000 rw-p 00000000 00:00 0 
6915e000-69161000 ---p 00000000 00:00 0 
69161000-691af000 rw-p 00000000 00:00 0 
691af000-691b2000 ---p 00000000 00:00 0 
691b2000-69200000 rw-p 00000000 00:00 0 
69200000-692f2000 rw-p 00000000 00:00 0 
692f2000-69300000 ---p 00000000 00:00 0 
6930d000-69310000 ---p 00000000 00:00 0 
69310000-6935e000 rw-p 00000000 00:00 0 
6935e000-69361000 ---p 00000000 00:00 0 
69361000-693af000 rw-p 00000000 00:00 0 
693af000-693b2000 ---p 00000000 00:00 0 
693b2000-69400000 rw-p 00000000 00:00 0 
69400000-694fe000 rw-p 00000000 00:00 0 
694fe000-69500000 ---p 00000000 00:00 0 
6950d000-69510000 ---p 00000000 00:00 0 
69510000-6955e000 rw-p 00000000 00:00 0 
6955e000-69561000 ---p 00000000 00:00 0 
69561000-695af000 rw-p 00000000 00:00 0 
695af000-695b2000 ---p 00000000 00:00 0 
695b2000-69600000 rw-p 00000000 00:00 0 
69600000-696dd000 rw-p 00000000 00:00 0 
696dd000-69700000 ---p 00000000 00:00 0 
69700000-697f9000 rw-p 00000000 00:00 0 
697f9000-69800000 ---p 00000000 00:00 0 
69800000-698f6000 rw-p 00000000 00:00 0 
698f6000-69900000 ---p 00000000 00:00 0 
69900000-69944000 rw-p 00000000 00:00 0 
69944000-69a00000 ---p 00000000 00:00 0 
69a00000-69afb000 rw-p 00000000 00:00 0 
69afb000-69b00000 ---p 00000000 00:00 0 
69b00000-69bfb000 rw-p 00000000 00:00 0 
69bfb000-69c00000 ---p 00000000 00:00 0 
69c00000-69cf7000 rw-p 00000000 00:00 0 
69cf7000-69d00000 ---p 00000000 00:00 0 
69d00000-69dfd000 rw-p 00000000 00:00 0 
69dfd000-69e00000 ---p 00000000 00:00 0 
69e00000-6a000000 rw-p 00000000 00:00 0 
6a000000-6a100000 rw-p 00000000 00:00 0 
6a112000-6a11a000 r-xp 00000000 08:07 1188443    /usr/lib/jvm/java-7-openjdk-i386/jre/lib/i386/libmanagement.so
6a11a000-6a11b000 r--p 00007000 08:07 1188443    /usr/lib/jvm/java-7-openjdk-i386/jre/lib/i386/libmanagement.so
6a11b000-6a11c000 rw-p 00008000 08:07 1188443    /usr/lib/jvm/java-7-openjdk-i386/jre/lib/i386/libmanagement.so
6a11c000-6a11f000 ---p 00000000 00:00 0 
6a11f000-6a16d000 rw-p 00000000 00:00 0 
6a16d000-6a170000 ---p 00000000 00:00 0 
6a170000-6a1be000 rw-p 00000000 00:00 0 
6a1be000-6a1c3000 r--s 0004c000 08:07 1187897    /usr/lib/jvm/java-7-openjdk-common/jre/lib/jsse.jar
6a1c3000-6a1c4000 r--s 0000c000 08:07 2890232    /home/simone/youtubeAnalytics/lib2/smtp.jar
6a1c4000-6a1c5000 r--s 0000a000 08:07 2890229    /home/simone/youtubeAnalytics/lib2/pop3.jar
6a1c5000-6a1ca000 r--s 00040000 08:07 2890226    /home/simone/youtubeAnalytics/lib2/mailapi.jar
6a1ca000-6a1d2000 r--s 00078000 08:07 2890233    /home/simone/youtubeAnalytics/lib2/mail.jar
6a1d2000-6a1d5000 r--s 0002a000 08:07 2890217    /home/simone/youtubeAnalytics/lib2/imap.jar
6a1d5000-6a1d6000 r--s 00003000 08:07 2890215    /home/simone/youtubeAnalytics/lib2/gimap.jar
6a1d6000-6a1d7000 r--s 00004000 08:07 2890213    /home/simone/youtubeAnalytics/lib2/dsn.jar
6a1d7000-6a1db000 r--s 0001a000 08:07 3545139    /home/simone/gdata/java/lib/gdata-youtube-2.0.jar
6a1db000-6a1dd000 r--s 00000000 08:07 3545138    /home/simone/gdata/java/lib/gdata-youtube-meta-2.0.jar
6a1dd000-6a1e0000 r--s 0000f000 08:07 3545153    /home/simone/gdata/java/lib/gdata-webmastertools-2.0.jar
6a1e0000-6a1e1000 r--s 00000000 08:07 3545166    /home/simone/gdata/java/lib/gdata-webmastertools-meta-2.0.jar
6a1e1000-6a1e3000 r--s 0000b000 08:07 3545142    /home/simone/gdata/java/lib/gdata-sites-2.0.jar
6a1e3000-6a1e5000 r--s 00000000 08:07 3545165    /home/simone/gdata/java/lib/gdata-sites-meta-2.0.jar
6a1e5000-6a1e7000 r--s 00004000 08:07 3545162    /home/simone/gdata/java/lib/gdata-sidewiki-2.0.jar
6a1e7000-6a1e8000 r--s 00000000 08:07 3545151    /home/simone/gdata/java/lib/gdata-sidewiki-meta-2.0.jar
6a1e8000-6a1ea000 r--s 0000b000 08:07 3545178    /home/simone/gdata/java/lib/gdata-projecthosting-2.1.jar
6a1ea000-6a1ee000 r--s 0001f000 08:07 3545148    /home/simone/gdata/java/lib/gdata-photos-2.0.jar
6a1ee000-6a228000 r-xp 00000000 08:07 4457448    /lib/i386-linux-gnu/libpcre.so.3.12.1
6a228000-6a229000 r--p 00039000 08:07 4457448    /lib/i386-linux-gnu/libpcre.so.3.12.1
6a229000-6a22a000 rw-p 0003a000 08:07 4457448    /lib/i386-linux-gnu/libpcre.so.3.12.1
6a22a000-6a23d000 r-xp 00000000 08:07 4466095    /lib/i386-linux-gnu/libresolv-2.15.so
6a23d000-6a23e000 ---p 00013000 08:07 4466095    /lib/i386-linux-gnu/libresolv-2.15.so
6a23e000-6a23f000 r--p 00013000 08:07 4466095    /lib/i386-linux-gnu/libresolv-2.15.so
6a23f000-6a240000 rw-p 00014000 08:07 4466095    /lib/i386-linux-gnu/libresolv-2.15.so
6a240000-6a242000 rw-p 00000000 00:00 0 
6a242000-6a25f000 r-xp 00000000 08:07 4457463    /lib/i386-linux-gnu/libselinux.so.1
6a25f000-6a260000 r--p 0001c000 08:07 4457463    /lib/i386-linux-gnu/libselinux.so.1
6a260000-6a261000 rw-p 0001d000 08:07 4457463    /lib/i386-linux-gnu/libselinux.so.1
6a261000-6a358000 r-xp 00000000 08:07 4457386    /lib/i386-linux-gnu/libglib-2.0.so.0.3200.3
6a358000-6a359000 r--p 000f6000 08:07 4457386    /lib/i386-linux-gnu/libglib-2.0.so.0.3200.3
6a359000-6a35a000 rw-p 000f7000 08:07 4457386    /lib/i386-linux-gnu/libglib-2.0.so.0.3200.3
6a35a000-6a3a7000 r-xp 00000000 08:07 1050766    /usr/lib/i386-linux-gnu/libgobject-2.0.so.0.3200.3
6a3a7000-6a3a8000 r--p 0004c000 08:07 1050766    /usr/lib/i386-linux-gnu/libgobject-2.0.so.0.3200.3
6a3a8000-6a3a9000 rw-p 0004d000 08:07 1050766    /usr/lib/i386-linux-gnu/libgobject-2.0.so.0.3200.3
6a3a9000-6a4fc000 r-xp 00000000 08:07 1050764    /usr/lib/i386-linux-gnu/libgio-2.0.so.0.3200.3
6a4fc000-6a4fe000 r--p 00153000 08:07 1050764    /usr/lib/i386-linux-gnu/libgio-2.0.so.0.3200.3
6a4fe000-6a4ff000 rw-p 00155000 08:07 1050764    /usr/lib/i386-linux-gnu/libgio-2.0.so.0.3200.3
6a4ff000-6a500000 rw-p 00000000 00:00 0 
6a500000-6a5fd000 rw-p 00000000 00:00 0 
6a5fd000-6a600000 ---p 00000000 00:00 0 
6a600000-6a6e8000 rw-p 00000000 00:00 0 
6a6e8000-6a700000 ---p 00000000 00:00 0 
6a700000-6a7f9000 rw-p 00000000 00:00 0 
6a7f9000-6a800000 ---p 00000000 00:00 0 
6a800000-6a801000 r--s 00000000 08:07 3545167    /home/simone/gdata/java/lib/gdata-projecthosting-meta-2.1.jar
6a801000-6a802000 r--s 00000000 08:07 3545155    /home/simone/gdata/java/lib/gdata-photos-meta-2.0.jar
6a802000-6a803000 r--s 00004000 08:07 3545175    /home/simone/gdata/java/lib/gdata-maps-2.0.jar
6a803000-6a804000 r--s 00000000 08:07 3545143    /home/simone/gdata/java/lib/gdata-maps-meta-2.0.jar
6a804000-6a805000 r--s 00003000 08:07 3545176    /home/simone/gdata/java/lib/gdata-health-2.0.jar
6a805000-6a806000 r--s 00000000 08:07 3545140    /home/simone/gdata/java/lib/gdata-health-meta-2.0.jar
6a806000-6a808000 r--s 00007000 08:07 3545160    /home/simone/gdata/java/lib/gdata-gtt-2.0.jar
6a808000-6a809000 r--s 00000000 08:07 3545154    /home/simone/gdata/java/lib/gdata-gtt-meta-2.0.jar
6a809000-6a80b000 r--s 00007000 08:07 3545152    /home/simone/gdata/java/lib/gdata-finance-2.0.jar
6a80b000-6a80c000 r--s 00000000 08:07 3545145    /home/simone/gdata/java/lib/gdata-finance-meta-2.0.jar
6a80c000-6a80f000 r--s 0001b000 08:07 3545177    /home/simone/gdata/java/lib/gdata-docs-3.0.jar
6a80f000-6a811000 r--s 00000000 08:07 3545163    /home/simone/gdata/java/lib/gdata-docs-meta-3.0.jar
6a811000-6a817000 r--s 00044000 08:07 2889655    /home/simone/storm-0.8.2/lib/libthrift7-0.7.0.jar
6a817000-6a81b000 r--s 00024000 08:07 2889654    /home/simone/storm-0.8.2/lib/kryo-2.17.jar
6a81b000-6a81c000 r--s 00003000 08:07 2889653    /home/simone/storm-0.8.2/lib/jzmq-2.1.0.jar
6a81c000-6a81f000 r--s 0001b000 08:07 2889652    /home/simone/storm-0.8.2/lib/junit-3.8.1.jar
6a81f000-6a820000 r--s 00003000 08:07 2889651    /home/simone/storm-0.8.2/lib/json-simple-1.1.jar
6a820000-6a82f000 r--s 0007c000 08:07 2889650    /home/simone/storm-0.8.2/lib/joda-time-2.0.jar
6a82f000-6a831000 r--s 00014000 08:07 2889649    /home/simone/storm-0.8.2/lib/jline-0.9.94.jar
6a831000-6a838000 r--s 00035000 08:07 2889648    /home/simone/storm-0.8.2/lib/jgrapht-0.8.3.jar
6a838000-6a83c000 r--s 00028000 08:07 2889647    /home/simone/storm-0.8.2/lib/jetty-util-6.1.26.jar
6a83c000-6a843000 r--s 0007d000 08:07 2889646    /home/simone/storm-0.8.2/lib/jetty-6.1.26.jar
6a843000-6a848000 r--s 00028000 08:07 2889645    /home/simone/storm-0.8.2/lib/httpcore-4.1.jar
6a848000-6a850000 r--s 0004e000 08:07 2889644    /home/simone/storm-0.8.2/lib/httpclient-4.1.1.jar
6a850000-6a851000 r--s 00001000 08:07 2889643    /home/simone/storm-0.8.2/lib/hiccup-0.3.6.jar
6a851000-6a875000 r--s 001aa000 08:07 2889642    /home/simone/storm-0.8.2/lib/guava-13.0.jar
6a875000-6a877000 r--s 0000b000 08:07 2889641    /home/simone/storm-0.8.2/lib/disruptor-2.10.1.jar
6a877000-6a87b000 r--s 00015000 08:07 2889640    /home/simone/storm-0.8.2/lib/curator-framework-1.0.1.jar
6a87b000-6a87d000 r--s 00005000 08:07 2889639    /home/simone/storm-0.8.2/lib/curator-client-1.0.1.jar
6a87d000-6a87e000 r--s 00000000 08:07 2889638    /home/simone/storm-0.8.2/lib/core.incubator-0.1.0.jar
6a87e000-6a87f000 r--s 00001000 08:07 2889637    /home/simone/storm-0.8.2/lib/compojure-1.1.3.jar
6a87f000-6a881000 r--s 0000d000 08:07 2889636    /home/simone/storm-0.8.2/lib/commons-logging-1.1.1.jar
6a881000-6a886000 r--s 00040000 08:07 2889635    /home/simone/storm-0.8.2/lib/commons-lang-2.5.jar
6a886000-6a889000 r--s 00018000 08:07 2889634    /home/simone/storm-0.8.2/lib/commons-io-1.4.jar
6a889000-6a88c000 r--s 0000c000 08:07 2889633    /home/simone/storm-0.8.2/lib/commons-fileupload-1.2.1.jar
6a88c000-6a88e000 r--s 0000b000 08:07 2889632    /home/simone/storm-0.8.2/lib/commons-exec-1.1.jar
6a88e000-6a890000 r--s 0000d000 08:07 2889631    /home/simone/storm-0.8.2/lib/commons-codec-1.4.jar
6a890000-6a891000 r--s 00000000 08:07 2889630    /home/simone/storm-0.8.2/lib/clout-1.0.1.jar
6a891000-6a8cd000 r--s 00308000 08:07 2889629    /home/simone/storm-0.8.2/lib/clojure-1.4.0.jar
6a8cd000-6a92c000 r--s 00475000 08:07 2889688    /home/simone/storm-0.8.2/storm-0.8.2.jar
6a92c000-6a92d000 ---p 00000000 00:00 0 
6a92d000-6a9ad000 rw-p 00000000 00:00 0 
6a9ad000-6a9b0000 ---p 00000000 00:00 0 
6a9b0000-6a9fe000 rw-p 00000000 00:00 0 
6a9fe000-6aa01000 ---p 00000000 00:00 0 
6aa01000-6aa7f000 rw-p 00000000 00:00 0 
6aa7f000-6aa82000 ---p 00000000 00:00 0 
6aa82000-6ab00000 rw-p 00000000 00:00 0 
6ab00000-6ad00000 r--p 00000000 08:07 1055944    /usr/lib/locale/locale-archive
6ad00000-6ad21000 rw-p 00000000 00:00 0 
6ad21000-6ae00000 ---p 00000000 00:00 0 
6ae00000-6aeff000 rw-p 00000000 00:00 0 
6aeff000-6af00000 ---p 00000000 00:00 0 
6af00000-6afff000 rw-p 00000000 00:00 0 
6afff000-6b000000 ---p 00000000 00:00 0 
6b000000-6b002000 r--s 0000b000 08:07 3545173    /home/simone/gdata/java/lib/gdata-spreadsheet-3.0.jar
6b002000-6b003000 r--s 00000000 08:07 3545137    /home/simone/gdata/java/lib/gdata-spreadsheet-meta-3.0.jar
6b003000-6b006000 r--s 00010000 08:07 3545147    /home/simone/gdata/java/lib/gdata-contacts-3.0.jar
6b006000-6b007000 r--s 00000000 08:07 3545161    /home/simone/gdata/java/lib/gdata-contacts-meta-3.0.jar
6b007000-6b009000 r--s 00002000 08:07 3545170    /home/simone/gdata/java/lib/gdata-codesearch-2.0.jar
6b009000-6b00a000 r--s 00000000 08:07 3545144    /home/simone/gdata/java/lib/gdata-codesearch-meta-2.0.jar
6b00a000-6b00c000 r--s 00004000 08:07 3545171    /home/simone/gdata/java/lib/gdata-books-1.0.jar
6b00c000-6b00d000 r--s 00000000 08:07 3545174    /home/simone/gdata/java/lib/gdata-books-meta-1.0.jar
6b00d000-6b00f000 r--s 00002000 08:07 3545168    /home/simone/gdata/java/lib/gdata-blogger-2.0.jar
6b00f000-6b014000 r-xp 00000000 08:07 1053303    /usr/lib/i386-linux-gnu/libffi.so.6.0.0
6b014000-6b015000 r--p 00004000 08:07 1053303    /usr/lib/i386-linux-gnu/libffi.so.6.0.0
6b015000-6b016000 rw-p 00005000 08:07 1053303    /usr/lib/i386-linux-gnu/libffi.so.6.0.0
6b016000-6b02c000 r-xp 00000000 08:07 1187159    /usr/lib/jvm/java-7-openjdk-i386/jre/lib/i386/libnet.so
6b02c000-6b02d000 r--p 00015000 08:07 1187159    /usr/lib/jvm/java-7-openjdk-i386/jre/lib/i386/libnet.so
6b02d000-6b02e000 rw-p 00016000 08:07 1187159    /usr/lib/jvm/java-7-openjdk-i386/jre/lib/i386/libnet.so
6b02e000-6b031000 ---p 00000000 00:00 0 
6b031000-6b07f000 rw-p 00000000 00:00 0 
6b07f000-6b080000 ---p 00000000 00:00 0 
6b080000-6b100000 rw-p 00000000 00:00 0 
6b100000-6b1fe000 rw-p 00000000 00:00 0 
6b1fe000-6b200000 ---p 00000000 00:00 0 
6b200000-6b201000 r--s 00000000 08:07 3545150    /home/simone/gdata/java/lib/gdata-blogger-meta-2.0.jar
6b201000-6b204000 r--s 00011000 08:07 3545141    /home/simone/gdata/java/lib/gdata-base-1.0.jar
6b204000-6b215000 r-xp 00000000 08:07 1183867    /usr/lib/jvm/java-7-openjdk-i386/jre/lib/i386/libnio.so
6b215000-6b216000 r--p 00010000 08:07 1183867    /usr/lib/jvm/java-7-openjdk-i386/jre/lib/i386/libnio.so
6b216000-6b217000 rw-p 00011000 08:07 1183867    /usr/lib/jvm/java-7-openjdk-i386/jre/lib/i386/libnio.so
6b217000-6b25f000 rw-p 00000000 00:00 0 
6b25f000-6b40c000 r--s 01cec000 08:07 1182281    /usr/lib/jvm/java-7-openjdk-i386/jre/lib/rt.jar
6b40c000-6e100000 rw-p 00000000 00:00 0 
6e100000-6e1f1000 rw-p 00000000 00:00 0 
6e1f1000-6e200000 ---p 00000000 00:00 0 
6e200000-6e202000 r--s 0000f000 08:07 3545172    /home/simone/gdata/java/lib/gdata-media-1.0.jar
6e202000-6e205000 r--s 00011000 08:07 3545158    /home/simone/gdata/java/lib/gdata-appsforyourdomain-1.0.jar
6e205000-6e206000 r--s 00000000 08:07 3545149    /home/simone/gdata/java/lib/gdata-appsforyourdomain-meta-1.0.jar
6e206000-6e209000 r--s 0000a000 08:07 3545156    /home/simone/gdata/java/lib/gdata-calendar-2.0.jar
6e209000-6e20a000 r--s 00000000 08:07 3545169    /home/simone/gdata/java/lib/gdata-calendar-meta-2.0.jar
6e20a000-6e20d000 r--s 00016000 08:07 3545164    /home/simone/gdata/java/lib/gdata-analytics-2.1.jar
6e20d000-6e20e000 r--s 00000000 08:07 3545136    /home/simone/gdata/java/lib/gdata-analytics-meta-2.1.jar
6e20e000-6e212000 r--s 0001c000 08:07 3545146    /home/simone/gdata/java/lib/gdata-client-1.0.jar
6e212000-6e21b000 r--s 000bc000 08:07 1187907    /usr/lib/jvm/java-7-openjdk-common/jre/lib/resources.jar
6e21b000-6e22e000 r--s 000eb000 08:07 3545157    /home/simone/gdata/java/lib/gdata-core-1.0.jar
6e22e000-6e231000 ---p 00000000 00:00 0 
6e231000-6e27f000 rw-p 00000000 00:00 0 
6e27f000-6e280000 ---p 00000000 00:00 0 
6e280000-6e300000 rw-p 00000000 00:00 0 
6e300000-6e321000 rw-p 00000000 00:00 0 
6e321000-6e400000 ---p 00000000 00:00 0 
6e400000-6e500000 rw-p 00000000 00:00 0 
6e500000-6e501000 r--s 00000000 08:07 3545159    /home/simone/gdata/java/lib/gdata-client-meta-1.0.jar
6e501000-6e504000 r-xp 00000000 08:07 1050765    /usr/lib/i386-linux-gnu/libgmodule-2.0.so.0.3200.3
6e504000-6e505000 r--p 00002000 08:07 1050765    /usr/lib/i386-linux-gnu/libgmodule-2.0.so.0.3200.3
6e505000-6e506000 rw-p 00003000 08:07 1050765    /usr/lib/i386-linux-gnu/libgmodule-2.0.so.0.3200.3
6e506000-6e509000 r--s 00023000 08:07 2892380    /home/simone/Scaricati/socketio.jar
6e509000-6e512000 r--s 0008a000 08:07 2889672    /home/simone/storm-0.8.2/lib/zookeeper-3.3.3.jar
6e512000-6e513000 r--s 00001000 08:07 2889671    /home/simone/storm-0.8.2/lib/tools.macro-0.1.0.jar
6e513000-6e514000 r--s 00001000 08:07 2889670    /home/simone/storm-0.8.2/lib/tools.logging-0.2.3.jar
6e514000-6e515000 r--s 00000000 08:07 2889669    /home/simone/storm-0.8.2/lib/tools.cli-0.2.2.jar
6e515000-6e51b000 r--s 0003b000 08:07 2889668    /home/simone/storm-0.8.2/lib/snakeyaml-1.9.jar
6e51b000-6e51c000 r--s 00002000 08:07 2889667    /home/simone/storm-0.8.2/lib/slf4j-log4j12-1.5.8.jar
6e51c000-6e51d000 r--s 00005000 08:07 2889666    /home/simone/storm-0.8.2/lib/slf4j-api-1.5.8.jar
6e51d000-6e51f000 r--s 0001f000 08:07 2889664    /home/simone/storm-0.8.2/lib/servlet-api-2.5-20081211.jar
6e51f000-6e521000 r--s 00018000 08:07 2889665    /home/simone/storm-0.8.2/lib/servlet-api-2.5.jar
6e521000-6e522000 r--s 00000000 08:07 2889663    /home/simone/storm-0.8.2/lib/ring-servlet-0.3.11.jar
6e522000-6e523000 r--s 00000000 08:07 2889662    /home/simone/storm-0.8.2/lib/ring-jetty-adapter-0.3.11.jar
6e523000-6e525000 r--s 00004000 08:07 2889661    /home/simone/storm-0.8.2/lib/ring-core-1.1.5.jar
6e525000-6e52e000 r--s 0006d000 08:07 2889656    /home/simone/storm-0.8.2/lib/log4j-1.2.16.jar
6e52e000-6e531000 ---p 00000000 00:00 0 
6e531000-6e57f000 rw-p 00000000 00:00 0 
6e57f000-6e580000 ---p 00000000 00:00 0 
6e580000-6e600000 rw-p 00000000 00:00 0 
6e600000-6e621000 rw-p 00000000 00:00 0 
6e621000-6e700000 ---p 00000000 00:00 0 
6e700000-6e702000 r--s 0000f000 08:07 2889660    /home/simone/storm-0.8.2/lib/reflectasm-1.07-shaded.jar
6e702000-6e704000 r--s 00007000 08:07 2889659    /home/simone/storm-0.8.2/lib/objenesis-1.2.jar
6e704000-6e706000 r--s 00000000 08:07 2889658    /home/simone/storm-0.8.2/lib/minlog-1.2.jar
6e706000-6e708000 r--s 00000000 08:07 2889657    /home/simone/storm-0.8.2/lib/math.numeric-tower-0.0.1.jar
6e708000-6e709000 r--s 00002000 08:07 2889628    /home/simone/storm-0.8.2/lib/clj-time-0.4.1.jar
6e709000-6e70b000 r--s 0000d000 08:07 2889627    /home/simone/storm-0.8.2/lib/carbonite-1.5.0.jar
6e70b000-6e70d000 r--s 0000a000 08:07 2889626    /home/simone/storm-0.8.2/lib/asm-4.0.jar
6e70d000-6e70f000 r--s 0000c000 08:07 4074310    /home/simone/twitter4j-3.0.3/lib/twitter4j-stream-3.0.3.jar
6e70f000-6e710000 r--s 00006000 08:07 4074309    /home/simone/twitter4j-3.0.3/lib/twitter4j-media-support-3.0.3.jar
6e710000-6e714000 r--s 0001c000 08:07 4074308    /home/simone/twitter4j-3.0.3/lib/twitter4j-examples-3.0.3.jar
6e714000-6e719000 r--s 00041000 08:07 4074307    /home/simone/twitter4j-3.0.3/lib/twitter4j-core-3.0.3.jar
6e719000-6e71e000 r--s 0002b000 08:07 4074306    /home/simone/twitter4j-3.0.3/lib/twitter4j-async-3.0.3.jar
6e71e000-6e720000 r--s 00012000 08:07 1187894    /usr/lib/jvm/java-7-openjdk-common/jre/lib/ext/zipfs.jar
6e720000-6e723000 r--s 00032000 08:07 1186490    /usr/lib/jvm/java-7-openjdk-common/jre/lib/ext/sunjce_provider.jar
6e723000-6e726000 r--s 0000f000 08:07 1186493    /usr/lib/jvm/java-7-openjdk-common/jre/lib/ext/pulse-java.jar
6e726000-6e727000 ---p 00000000 00:00 0 
6e727000-6e7a7000 rw-p 00000000 00:00 0 
6e7a7000-6e7a8000 ---p 00000000 00:00 0 
6e7a8000-6e832000 rw-p 00000000 00:00 0 
6e832000-6e868000 rw-p 00000000 00:00 0 
6e868000-6e87d000 rw-p 00000000 00:00 0 
6e87d000-6e9ab000 rw-p 00000000 00:00 0 
6e9ab000-6e9b5000 rw-p 00000000 00:00 0 
6e9b5000-6e9eb000 rw-p 00000000 00:00 0 
6e9eb000-6ea00000 rw-p 00000000 00:00 0 
6ea00000-6eb2d000 rw-p 00000000 00:00 0 
6eb2d000-6eb65000 rw-p 00000000 00:00 0 
6eb65000-6ebcf000 rw-p 00000000 00:00 0 
6ebcf000-6fe10000 rw-p 00000000 00:00 0 
6fe10000-76bd0000 rw-p 00000000 00:00 0 
76bd0000-79430000 rw-p 00000000 00:00 0 
79430000-9f130000 rw-p 00000000 00:00 0 
9f130000-a5f90000 rw-p 00000000 00:00 0 
a9657000-a9830000 rw-p 00000000 00:00 0 
a9830000-a9831000 ---p 00000000 00:00 0 
a9831000-a987f000 rw-p 00000000 00:00 0 
a987f000-a9882000 ---p 00000000 00:00 0 
a9882000-a98d0000 rw-p 00000000 00:00 0 
a98d0000-b33d0000 rw-p 00000000 00:00 0 
b33d0000-b33d4000 r--s 00085000 08:07 1187893    /usr/lib/jvm/java-7-openjdk-common/jre/lib/ext/localedata.jar
b33d4000-b33d5000 r--s 00002000 08:07 1186488    /usr/lib/jvm/java-7-openjdk-common/jre/lib/ext/dnsns.jar
b33d5000-b33de000 rw-p 00000000 00:00 0 
b33de000-b3495000 rw-p 00000000 00:00 0 
b3495000-b36d5000 rwxp 00000000 00:00 0 
b36d5000-b6495000 rw-p 00000000 00:00 0 
b6495000-b64a0000 r-xp 00000000 08:07 4466094    /lib/i386-linux-gnu/libnss_files-2.15.so
b64a0000-b64a1000 r--p 0000a000 08:07 4466094    /lib/i386-linux-gnu/libnss_files-2.15.so
b64a1000-b64a2000 rw-p 0000b000 08:07 4466094    /lib/i386-linux-gnu/libnss_files-2.15.so
b64a2000-b64b8000 r-xp 00000000 08:07 4466110    /lib/i386-linux-gnu/libnsl-2.15.so
b64b8000-b64b9000 r--p 00015000 08:07 4466110    /lib/i386-linux-gnu/libnsl-2.15.so
b64b9000-b64ba000 rw-p 00016000 08:07 4466110    /lib/i386-linux-gnu/libnsl-2.15.so
b64ba000-b64bc000 rw-p 00000000 00:00 0 
b64bc000-b64c3000 r-xp 00000000 08:07 4466092    /lib/i386-linux-gnu/libnss_compat-2.15.so
b64c3000-b64c4000 r--p 00006000 08:07 4466092    /lib/i386-linux-gnu/libnss_compat-2.15.so
b64c4000-b64c5000 rw-p 00007000 08:07 4466092    /lib/i386-linux-gnu/libnss_compat-2.15.so
b64c5000-b64cd000 r-xp 00000000 08:07 1188439    /usr/lib/jvm/java-7-openjdk-i386/jre/lib/i386/libzip.so
b64cd000-b64ce000 r--p 00007000 08:07 1188439    /usr/lib/jvm/java-7-openjdk-i386/jre/lib/i386/libzip.so
b64ce000-b64cf000 rw-p 00008000 08:07 1188439    /usr/lib/jvm/java-7-openjdk-i386/jre/lib/i386/libzip.so
b64cf000-b64d7000 rw-s 00000000 08:07 1584272    /tmp/hsperfdata_simone/18875
b64d7000-b64fe000 r-xp 00000000 08:07 1182572    /usr/lib/jvm/java-7-openjdk-i386/jre/lib/i386/libjava.so
b64fe000-b64ff000 r--p 00026000 08:07 1182572    /usr/lib/jvm/java-7-openjdk-i386/jre/lib/i386/libjava.so
b64ff000-b6500000 rw-p 00027000 08:07 1182572    /usr/lib/jvm/java-7-openjdk-i386/jre/lib/i386/libjava.so
b6500000-b65ff000 rw-p 00000000 00:00 0 
b65ff000-b6600000 ---p 00000000 00:00 0 
b6600000-b6603000 r--s 0003c000 08:07 1187892    /usr/lib/jvm/java-7-openjdk-common/jre/lib/ext/sunpkcs11.jar
b6603000-b660d000 r-xp 00000000 08:07 4466098    /lib/i386-linux-gnu/libnss_nis-2.15.so
b660d000-b660e000 r--p 00009000 08:07 4466098    /lib/i386-linux-gnu/libnss_nis-2.15.so
b660e000-b660f000 rw-p 0000a000 08:07 4466098    /lib/i386-linux-gnu/libnss_nis-2.15.so
b660f000-b6616000 r-xp 00000000 08:07 4466097    /lib/i386-linux-gnu/librt-2.15.so
b6616000-b6617000 r--p 00006000 08:07 4466097    /lib/i386-linux-gnu/librt-2.15.so
b6617000-b6618000 rw-p 00007000 08:07 4466097    /lib/i386-linux-gnu/librt-2.15.so
b6618000-b661b000 ---p 00000000 00:00 0 
b661b000-b6669000 rw-p 00000000 00:00 0 
b6669000-b6685000 r-xp 00000000 08:07 4457396    /lib/i386-linux-gnu/libgcc_s.so.1
b6685000-b6686000 r--p 0001b000 08:07 4457396    /lib/i386-linux-gnu/libgcc_s.so.1
b6686000-b6687000 rw-p 0001c000 08:07 4457396    /lib/i386-linux-gnu/libgcc_s.so.1
b6687000-b66b1000 r-xp 00000000 08:07 4466101    /lib/i386-linux-gnu/libm-2.15.so
b66b1000-b66b2000 r--p 00029000 08:07 4466101    /lib/i386-linux-gnu/libm-2.15.so
b66b2000-b66b3000 rw-p 0002a000 08:07 4466101    /lib/i386-linux-gnu/libm-2.15.so
b66b3000-b678b000 r-xp 00000000 08:07 1053645    /usr/lib/i386-linux-gnu/libstdc++.so.6.0.16
b678b000-b678c000 ---p 000d8000 08:07 1053645    /usr/lib/i386-linux-gnu/libstdc++.so.6.0.16
b678c000-b6790000 r--p 000d8000 08:07 1053645    /usr/lib/i386-linux-gnu/libstdc++.so.6.0.16
b6790000-b6791000 rw-p 000dc000 08:07 1053645    /usr/lib/i386-linux-gnu/libstdc++.so.6.0.16
b6791000-b6798000 rw-p 00000000 00:00 0 
b6798000-b707d000 r-xp 00000000 08:07 1318992    /usr/lib/jvm/java-7-openjdk-i386/jre/lib/i386/server/libjvm.so
b707d000-b70c4000 r--p 008e5000 08:07 1318992    /usr/lib/jvm/java-7-openjdk-i386/jre/lib/i386/server/libjvm.so
b70c4000-b70d8000 rw-p 0092c000 08:07 1318992    /usr/lib/jvm/java-7-openjdk-i386/jre/lib/i386/server/libjvm.so
b70d8000-b74f6000 rw-p 00000000 00:00 0 
b74f6000-b750a000 r-xp 00000000 08:07 4457486    /lib/i386-linux-gnu/libz.so.1.2.3.4
b750a000-b750b000 r--p 00013000 08:07 4457486    /lib/i386-linux-gnu/libz.so.1.2.3.4
b750b000-b750c000 rw-p 00014000 08:07 4457486    /lib/i386-linux-gnu/libz.so.1.2.3.4
b750c000-b7523000 r-xp 00000000 08:07 4466099    /lib/i386-linux-gnu/libpthread-2.15.so
b7523000-b7524000 r--p 00016000 08:07 4466099    /lib/i386-linux-gnu/libpthread-2.15.so
b7524000-b7525000 rw-p 00017000 08:07 4466099    /lib/i386-linux-gnu/libpthread-2.15.so
b7525000-b7527000 rw-p 00000000 00:00 0 
b7527000-b752a000 r-xp 00000000 08:07 4466105    /lib/i386-linux-gnu/libdl-2.15.so
b752a000-b752b000 r--p 00002000 08:07 4466105    /lib/i386-linux-gnu/libdl-2.15.so
b752b000-b752c000 rw-p 00003000 08:07 4466105    /lib/i386-linux-gnu/libdl-2.15.so
b752c000-b76cf000 r-xp 00000000 08:07 4456569    /lib/i386-linux-gnu/libc-2.15.so
b76cf000-b76d1000 r--p 001a3000 08:07 4456569    /lib/i386-linux-gnu/libc-2.15.so
b76d1000-b76d2000 rw-p 001a5000 08:07 4456569    /lib/i386-linux-gnu/libc-2.15.so
b76d2000-b76d5000 rw-p 00000000 00:00 0 
b76d5000-b76d6000 r--s 00007000 08:07 1320849    /usr/share/java/java-atk-wrapper.jar
b76d6000-b76d7000 r--p 00858000 08:07 1055944    /usr/lib/locale/locale-archive
b76d7000-b76d8000 rw-p 00000000 00:00 0 
b76d8000-b76d9000 ---p 00000000 00:00 0 
b76d9000-b76e5000 r-xp 00000000 08:07 1187165    /usr/lib/jvm/java-7-openjdk-i386/jre/lib/i386/libverify.so
b76e5000-b76e6000 r--p 0000b000 08:07 1187165    /usr/lib/jvm/java-7-openjdk-i386/jre/lib/i386/libverify.so
b76e6000-b76e7000 rw-p 0000c000 08:07 1187165    /usr/lib/jvm/java-7-openjdk-i386/jre/lib/i386/libverify.so
b76e7000-b76f4000 r-xp 00000000 08:07 1320760    /usr/lib/jvm/java-7-openjdk-i386/jre/lib/i386/jli/libjli.so
b76f4000-b76f5000 r--p 0000c000 08:07 1320760    /usr/lib/jvm/java-7-openjdk-i386/jre/lib/i386/jli/libjli.so
b76f5000-b76f6000 rw-p 0000d000 08:07 1320760    /usr/lib/jvm/java-7-openjdk-i386/jre/lib/i386/jli/libjli.so
b76f6000-b76f9000 rw-p 00000000 00:00 0 
b76f9000-b76fa000 r-xp 00000000 00:00 0          [vdso]
b76fa000-b771a000 r-xp 00000000 08:07 4466102    /lib/i386-linux-gnu/ld-2.15.so
b771a000-b771b000 r--p 0001f000 08:07 4466102    /lib/i386-linux-gnu/ld-2.15.so
b771b000-b771c000 rw-p 00020000 08:07 4466102    /lib/i386-linux-gnu/ld-2.15.so
bf85d000-bf87f000 rw-p 00000000 00:00 0          [stack]

VM Arguments:
jvm_args: -Dfile.encoding=UTF-8 
java_command: goffi.twitter2youtube.storm.Topology
Launcher Type: SUN_STANDARD

Environment Variables:
PATH=/usr/lib/lightdm/lightdm:/usr/local/sbin:/usr/local/bin:/usr/sbin:/usr/bin:/sbin:/bin:/usr/games
LD_LIBRARY_PATH=/usr/lib/jvm/java-7-openjdk-i386/jre/lib/i386/server:/usr/lib/jvm/java-7-openjdk-i386/jre/lib/i386:/usr/lib/jvm/java-7-openjdk-i386/jre/../lib/i386:/usr/lib/jvm/java-7-openjdk-i386/jre/lib/i386/client:/usr/lib/jvm/java-7-openjdk-i386/jre/lib/i386:
SHELL=/bin/bash
DISPLAY=:0.0

Signal Handlers:
SIGSEGV: [libjvm.so+0x756900], sa_mask[0]=0x7ffbfeff, sa_flags=0x10000004
SIGBUS: [libjvm.so+0x756900], sa_mask[0]=0x7ffbfeff, sa_flags=0x10000004
SIGFPE: [libjvm.so+0x5eb350], sa_mask[0]=0x7ffbfeff, sa_flags=0x10000004
SIGPIPE: [libjvm.so+0x5eb350], sa_mask[0]=0x7ffbfeff, sa_flags=0x10000004
SIGXFSZ: [libjvm.so+0x5eb350], sa_mask[0]=0x7ffbfeff, sa_flags=0x10000004
SIGILL: [libjvm.so+0x5eb350], sa_mask[0]=0x7ffbfeff, sa_flags=0x10000004
SIGUSR1: SIG_DFL, sa_mask[0]=0x00000000, sa_flags=0x00000000
SIGUSR2: [libjvm.so+0x5eb1e0], sa_mask[0]=0x00000004, sa_flags=0x10000004
SIGHUP: [libjvm.so+0x5eb860], sa_mask[0]=0x7ffbfeff, sa_flags=0x10000004
SIGINT: [libjvm.so+0x5eb860], sa_mask[0]=0x7ffbfeff, sa_flags=0x10000004
SIGTERM: [libjvm.so+0x5eb860], sa_mask[0]=0x7ffbfeff, sa_flags=0x10000004
SIGQUIT: [libjvm.so+0x5eb860], sa_mask[0]=0x7ffbfeff, sa_flags=0x10000004


---------------  S Y S T E M  ---------------

OS:Ubuntu 12.04 (precise)
uname:Linux 3.2.0-49-generic-pae #75-Ubuntu SMP Tue Jun 18 18:00:21 UTC 2013 i686
libc:glibc 2.15 NPTL 2.15 
rlimit: STACK 8192k, CORE 0k, NPROC 30850, NOFILE 4096, AS infinity
load average:0,86 0,96 0,89

/proc/meminfo:
MemTotal:        3963416 kB
MemFree:          156860 kB
Buffers:            6524 kB
Cached:           237420 kB
SwapCached:            0 kB
Active:          3515344 kB
Inactive:         192852 kB
Active(anon):    3473100 kB
Inactive(anon):   150320 kB
Active(file):      42244 kB
Inactive(file):    42532 kB
Unevictable:           0 kB
Mlocked:               0 kB
HighTotal:       3129604 kB
HighFree:            532 kB
LowTotal:         833812 kB
LowFree:          156328 kB
SwapTotal:             0 kB
SwapFree:              0 kB
Dirty:               296 kB
Writeback:             0 kB
AnonPages:       3465208 kB
Mapped:            92452 kB
Shmem:            158736 kB
Slab:              45920 kB
SReclaimable:      20764 kB
SUnreclaim:        25156 kB
KernelStack:        6328 kB
PageTables:        18964 kB
NFS_Unstable:          0 kB
Bounce:                0 kB
WritebackTmp:          0 kB
CommitLimit:     1981708 kB
Committed_AS:    7228108 kB
VmallocTotal:     122880 kB
VmallocUsed:       27740 kB
VmallocChunk:      85200 kB
HardwareCorrupted:     0 kB
AnonHugePages:         0 kB
HugePages_Total:       0
HugePages_Free:        0
HugePages_Rsvd:        0
HugePages_Surp:        0
Hugepagesize:       2048 kB
DirectMap4k:       10232 kB
DirectMap2M:      903168 kB


CPU:total 4 (2 cores per cpu, 2 threads per core) family 6 model 42 stepping 7, cmov, cx8, fxsr, mmx, sse, sse2, sse3, ssse3, sse4.1, sse4.2, popcnt, avx, ht, tsc, tscinvbit

/proc/cpuinfo:
processor	: 0
vendor_id	: GenuineIntel
cpu family	: 6
model		: 42
model name	: Intel(R) Core(TM) i5-2410M CPU @ 2.30GHz
stepping	: 7
microcode	: 0x17
cpu MHz		: 2300.000
cache size	: 3072 KB
physical id	: 0
siblings	: 4
core id		: 0
cpu cores	: 2
apicid		: 0
initial apicid	: 0
fdiv_bug	: no
hlt_bug		: no
f00f_bug	: no
coma_bug	: no
fpu		: yes
fpu_exception	: yes
cpuid level	: 13
wp		: yes
flags		: fpu vme de pse tsc msr pae mce cx8 apic sep mtrr pge mca cmov pat pse36 clflush dts acpi mmx fxsr sse sse2 ss ht tm pbe nx rdtscp lm constant_tsc arch_perfmon pebs bts xtopology nonstop_tsc aperfmperf pni pclmulqdq dtes64 monitor ds_cpl vmx est tm2 ssse3 cx16 xtpr pdcm pcid sse4_1 sse4_2 x2apic popcnt tsc_deadline_timer xsave avx lahf_lm ida arat epb xsaveopt pln pts dtherm tpr_shadow vnmi flexpriority ept vpid
bogomips	: 4589.33
clflush size	: 64
cache_alignment	: 64
address sizes	: 36 bits physical, 48 bits virtual
power management:

processor	: 1
vendor_id	: GenuineIntel
cpu family	: 6
model		: 42
model name	: Intel(R) Core(TM) i5-2410M CPU @ 2.30GHz
stepping	: 7
microcode	: 0x17
cpu MHz		: 800.000
cache size	: 3072 KB
physical id	: 0
siblings	: 4
core id		: 0
cpu cores	: 2
apicid		: 1
initial apicid	: 1
fdiv_bug	: no
hlt_bug		: no
f00f_bug	: no
coma_bug	: no
fpu		: yes
fpu_exception	: yes
cpuid level	: 13
wp		: yes
flags		: fpu vme de pse tsc msr pae mce cx8 apic sep mtrr pge mca cmov pat pse36 clflush dts acpi mmx fxsr sse sse2 ss ht tm pbe nx rdtscp lm constant_tsc arch_perfmon pebs bts xtopology nonstop_tsc aperfmperf pni pclmulqdq dtes64 monitor ds_cpl vmx est tm2 ssse3 cx16 xtpr pdcm pcid sse4_1 sse4_2 x2apic popcnt tsc_deadline_timer xsave avx lahf_lm ida arat epb xsaveopt pln pts dtherm tpr_shadow vnmi flexpriority ept vpid
bogomips	: 4589.53
clflush size	: 64
cache_alignment	: 64
address sizes	: 36 bits physical, 48 bits virtual
power management:

processor	: 2
vendor_id	: GenuineIntel
cpu family	: 6
model		: 42
model name	: Intel(R) Core(TM) i5-2410M CPU @ 2.30GHz
stepping	: 7
microcode	: 0x17
cpu MHz		: 800.000
cache size	: 3072 KB
physical id	: 0
siblings	: 4
core id		: 1
cpu cores	: 2
apicid		: 2
initial apicid	: 2
fdiv_bug	: no
hlt_bug		: no
f00f_bug	: no
coma_bug	: no
fpu		: yes
fpu_exception	: yes
cpuid level	: 13
wp		: yes
flags		: fpu vme de pse tsc msr pae mce cx8 apic sep mtrr pge mca cmov pat pse36 clflush dts acpi mmx fxsr sse sse2 ss ht tm pbe nx rdtscp lm constant_tsc arch_perfmon pebs bts xtopology nonstop_tsc aperfmperf pni pclmulqdq dtes64 monitor ds_cpl vmx est tm2 ssse3 cx16 xtpr pdcm pcid sse4_1 sse4_2 x2apic popcnt tsc_deadline_timer xsave avx lahf_lm ida arat epb xsaveopt pln pts dtherm tpr_shadow vnmi flexpriority ept vpid
bogomips	: 4589.55
clflush size	: 64
cache_alignment	: 64
address sizes	: 36 bits physical, 48 bits virtual
power management:

processor	: 3
vendor_id	: GenuineIntel
cpu family	: 6
model		: 42
model name	: Intel(R) Core(TM) i5-2410M CPU @ 2.30GHz
stepping	: 7
microcode	: 0x17
cpu MHz		: 800.000
cache size	: 3072 KB
physical id	: 0
siblings	: 4
core id		: 1
cpu cores	: 2
apicid		: 3
initial apicid	: 3
fdiv_bug	: no
hlt_bug		: no
f00f_bug	: no
coma_bug	: no
fpu		: yes
fpu_exception	: yes
cpuid level	: 13
wp		: yes
flags		: fpu vme de pse tsc msr pae mce cx8 apic sep mtrr pge mca cmov pat pse36 clflush dts acpi mmx fxsr sse sse2 ss ht tm pbe nx rdtscp lm constant_tsc arch_perfmon pebs bts xtopology nonstop_tsc aperfmperf pni pclmulqdq dtes64 monitor ds_cpl vmx est tm2 ssse3 cx16 xtpr pdcm pcid sse4_1 sse4_2 x2apic popcnt tsc_deadline_timer xsave avx lahf_lm ida arat epb xsaveopt pln pts dtherm tpr_shadow vnmi flexpriority ept vpid
bogomips	: 4589.55
clflush size	: 64
cache_alignment	: 64
address sizes	: 36 bits physical, 48 bits virtual
power management:



Memory: 4k page, physical 3963416k(156860k free), swap 0k(0k free)

vm_info: OpenJDK Server VM (23.7-b01) for linux-x86 JRE (1.7.0_25-b30), built on Jul 15 2013 20:45:25 by "buildd" with gcc 4.6.3


[error occurred during error reporting (printing date and time), id 0xb]

